0 info it worked if it ends with ok
1 verbose cli [ 'D:\\NodeJs\\node.exe',
1 verbose cli   'D:\\NodeJs\\node_modules\\npm\\bin\\npm-cli.js',
1 verbose cli   'install',
1 verbose cli   '-g',
1 verbose cli   'cloc' ]
2 info using npm@3.9.5
3 info using node@v6.2.2
4 silly loadCurrentTree Starting
5 silly install loadCurrentTree
6 silly install readGlobalPackageData
7 silly fetchPackageMetaData cloc
8 silly fetchOtherPackageData cloc
9 silly cache add args [ 'cloc', null ]
10 verbose cache add spec cloc
11 silly cache add parsed spec Result {
11 silly cache add   raw: 'cloc',
11 silly cache add   scope: null,
11 silly cache add   name: null,
11 silly cache add   rawSpec: 'cloc',
11 silly cache add   spec: 'E:\\project\\phpDemo\\cloc',
11 silly cache add   type: 'local' }
12 silly addLocalTarball shasum (computed) da39a3ee5e6b4b0d3255bfef95601890afd80709
13 verbose addTmpTarball E:\project\phpDemo\cloc not in flight; adding
14 verbose correctMkdir C:\Users\win7\AppData\Roaming\npm-cache correctMkdir not in flight; initializing
15 verbose makeDirectory C:\Users\win7\AppData\Roaming\npm-cache creation not in flight; initializing
16 verbose makeCacheDir UID & GID are irrelevant on win32
17 verbose addTmpTarball validating metadata from E:\project\phpDemo\cloc
18 verbose tar unpack E:\project\phpDemo\cloc
19 verbose tar unpacking to C:\Users\win7\AppData\Local\Temp\npm-11216-bc2f3100\unpack-1413f4c4
20 silly gentlyRm C:\Users\win7\AppData\Local\Temp\npm-11216-bc2f3100\unpack-1413f4c4 is being purged
21 verbose gentlyRm don't care about contents; nuking C:\Users\win7\AppData\Local\Temp\npm-11216-bc2f3100\unpack-1413f4c4
22 silly gunzTarPerm modes [ '777', '666' ]
23 error tar.unpack error reading E:\project\phpDemo\cloc
24 error addLocal Could not install E:\project\phpDemo\cloc
25 silly fetchPackageMetaData Error: 0-byte tarball
25 silly fetchPackageMetaData Please run `npm cache clean`
25 silly fetchPackageMetaData     at D:\NodeJs\node_modules\npm\lib\utils\tar.js:188:14
25 silly fetchPackageMetaData     at FSReqWrap.oncomplete (fs.js:117:15)
25 silly fetchPackageMetaData  error for cloc Error: 0-byte tarball
25 silly fetchPackageMetaData Please run `npm cache clean`
25 silly fetchPackageMetaData     at D:\NodeJs\node_modules\npm\lib\utils\tar.js:188:14
25 silly fetchPackageMetaData     at FSReqWrap.oncomplete (fs.js:117:15)
26 silly rollbackFailedOptional Starting
27 silly rollbackFailedOptional Finishing
28 silly runTopLevelLifecycles Starting
29 silly runTopLevelLifecycles Finishing
30 silly install printInstalled
31 verbose stack Error: 0-byte tarball
31 verbose stack Please run `npm cache clean`
31 verbose stack     at D:\NodeJs\node_modules\npm\lib\utils\tar.js:188:14
31 verbose stack     at FSReqWrap.oncomplete (fs.js:117:15)
32 verbose cwd E:\project\phpDemo
33 error Windows_NT 10.0.14393
34 error argv "D:\\NodeJs\\node.exe" "D:\\NodeJs\\node_modules\\npm\\bin\\npm-cli.js" "install" "-g" "cloc"
35 error node v6.2.2
36 error npm  v3.9.5
37 error 0-byte tarball
37 error Please run `npm cache clean`
38 error If you need help, you may report this error at:
38 error     <https://github.com/npm/npm/issues>
39 verbose exit [ 1, true ]
